android/app/build/intermediates/manifest_merge_blame_file/debug/manifest-merger-blame-debug-report.txt
1<?xml version="1.0" encoding="utf-8"?>
2<manifest xmlns:android="http://schemas.android.com/apk/res/android"
3    package="com.laundryapp"
4    android:versionCode="1"
5    android:versionName="1.0" >
6
7    <uses-sdk
8        android:minSdkVersion="21"
9        android:targetSdkVersion="33" />
10
11    <uses-permission android:name="android.permission.SYSTEM_ALERT_WINDOW" />
11-->src/debug/AndroidManifest.xml:5:5-77
11-->src/debug/AndroidManifest.xml:5:22-75
12    <uses-permission android:name="android.permission.INTERNET" /> <!-- Added permissions -->
12-->src/main/AndroidManifest.xml:3:5-67
12-->src/main/AndroidManifest.xml:3:22-64
13    <uses-permission android:name="android.permission.ACCESS_COARSE_LOCATION" />
13-->src/main/AndroidManifest.xml:5:5-81
13-->src/main/AndroidManifest.xml:5:22-78
14    <uses-permission android:name="android.permission.ACCESS_FINE_LOCATION" />
14-->src/main/AndroidManifest.xml:6:5-79
14-->src/main/AndroidManifest.xml:6:22-76
15    <uses-permission android:name="android.permission.FOREGROUND_SERVICE" /> <!-- Optional permissions -->
15-->src/main/AndroidManifest.xml:7:5-77
15-->src/main/AndroidManifest.xml:7:22-74
16    <uses-permission android:name="android.permission.ACCESS_BACKGROUND_LOCATION" />
16-->src/main/AndroidManifest.xml:10:5-85
16-->src/main/AndroidManifest.xml:10:22-82
17    <uses-permission android:name="android.permission.ACCESS_WIFI_STATE" />
17-->[com.facebook.flipper:flipper:0.182.0] AndroidManifest.xml:16:5-76
17-->[com.facebook.flipper:flipper:0.182.0] AndroidManifest.xml:16:22-73
18    <uses-permission android:name="android.permission.WRITE_EXTERNAL_STORAGE" />
18-->[:expo-file-system] AndroidManifest.xml:9:5-81
18-->[:expo-file-system] AndroidManifest.xml:9:22-78
19    <uses-permission android:name="android.permission.READ_EXTERNAL_STORAGE" />
19-->[:expo-file-system] AndroidManifest.xml:10:5-80
19-->[:expo-file-system] AndroidManifest.xml:10:22-77
20
21    <queries>
21-->[:expo-file-system] AndroidManifest.xml:12:5-18:15
22
23        <!-- Query open documents -->
24        <intent>
24-->[:expo-file-system] AndroidManifest.xml:15:9-17:18
25            <action android:name="android.intent.action.OPEN_DOCUMENT_TREE" />
25-->[:expo-file-system] AndroidManifest.xml:16:13-79
25-->[:expo-file-system] AndroidManifest.xml:16:21-76
26        </intent>
27    </queries>
28
29    <uses-permission android:name="com.google.android.finsky.permission.BIND_GET_INSTALL_REFERRER_SERVICE" />
29-->[com.android.installreferrer:installreferrer:1.0] AndroidManifest.xml:9:5-110
29-->[com.android.installreferrer:installreferrer:1.0] AndroidManifest.xml:9:22-107
30    <uses-permission android:name="android.permission.ACCESS_NETWORK_STATE" />
30-->[io.nlopez.smartlocation:library:3.3.3] AndroidManifest.xml:13:5-79
30-->[io.nlopez.smartlocation:library:3.3.3] AndroidManifest.xml:13:22-76
31    <uses-permission android:name="com.google.android.providers.gsf.permission.READ_GSERVICES" />
31-->[io.nlopez.smartlocation:library:3.3.3] AndroidManifest.xml:15:5-98
31-->[io.nlopez.smartlocation:library:3.3.3] AndroidManifest.xml:15:22-95
32    <uses-permission android:name="com.google.android.gms.permission.ACTIVITY_RECOGNITION" />
32-->[io.nlopez.smartlocation:library:3.3.3] AndroidManifest.xml:16:5-94
32-->[io.nlopez.smartlocation:library:3.3.3] AndroidManifest.xml:16:22-91
33
34    <application
34-->src/main/AndroidManifest.xml:12:5-31:19
35        android:name="com.laundryapp.MainApplication"
35-->src/main/AndroidManifest.xml:13:7-38
36        android:allowBackup="false"
36-->src/main/AndroidManifest.xml:17:7-34
37        android:appComponentFactory="androidx.core.app.CoreComponentFactory"
37-->[androidx.core:core:1.8.0] AndroidManifest.xml:24:18-86
38        android:debuggable="true"
39        android:icon="@mipmap/ic_launcher"
39-->src/main/AndroidManifest.xml:15:7-41
40        android:label="@string/app_name"
40-->src/main/AndroidManifest.xml:14:7-39
41        android:roundIcon="@mipmap/ic_launcher_round"
41-->src/main/AndroidManifest.xml:16:7-52
42        android:theme="@style/AppTheme"
42-->src/main/AndroidManifest.xml:18:7-38
43        android:usesCleartextTraffic="true" >
43-->src/debug/AndroidManifest.xml:8:9-44
44        <activity
44-->src/debug/AndroidManifest.xml:11:9-111
45            android:name="com.facebook.react.devsupport.DevSettingsActivity"
45-->src/debug/AndroidManifest.xml:11:19-83
46            android:exported="false" />
46-->src/debug/AndroidManifest.xml:11:84-108
47        <activity
47-->src/main/AndroidManifest.xml:19:7-30:18
48            android:name="com.laundryapp.MainActivity"
48-->src/main/AndroidManifest.xml:20:9-37
49            android:configChanges="keyboard|keyboardHidden|orientation|screenLayout|screenSize|smallestScreenSize|uiMode"
49-->src/main/AndroidManifest.xml:22:9-118
50            android:exported="true"
50-->src/main/AndroidManifest.xml:25:9-32
51            android:label="@string/app_name"
51-->src/main/AndroidManifest.xml:21:9-41
52            android:launchMode="singleTask"
52-->src/main/AndroidManifest.xml:23:9-40
53            android:windowSoftInputMode="adjustResize" >
53-->src/main/AndroidManifest.xml:24:9-51
54            <intent-filter>
54-->src/main/AndroidManifest.xml:26:9-29:25
55                <action android:name="android.intent.action.MAIN" />
55-->src/main/AndroidManifest.xml:27:13-65
55-->src/main/AndroidManifest.xml:27:21-62
56
57                <category android:name="android.intent.category.LAUNCHER" />
57-->src/main/AndroidManifest.xml:28:13-73
57-->src/main/AndroidManifest.xml:28:23-70
58            </intent-filter>
59        </activity>
60
61        <provider
61-->[:expo-file-system] AndroidManifest.xml:21:9-30:20
62            android:name="expo.modules.filesystem.FileSystemFileProvider"
62-->[:expo-file-system] AndroidManifest.xml:22:13-74
63            android:authorities="com.laundryapp.FileSystemFileProvider"
63-->[:expo-file-system] AndroidManifest.xml:23:13-74
64            android:exported="false"
64-->[:expo-file-system] AndroidManifest.xml:24:13-37
65            android:grantUriPermissions="true" >
65-->[:expo-file-system] AndroidManifest.xml:25:13-47
66            <meta-data
66-->[:expo-file-system] AndroidManifest.xml:27:13-29:70
67                android:name="android.support.FILE_PROVIDER_PATHS"
67-->[:expo-file-system] AndroidManifest.xml:28:17-67
68                android:resource="@xml/file_system_provider_paths" />
68-->[:expo-file-system] AndroidManifest.xml:29:17-67
69        </provider>
70
71        <service
71-->[:expo-location] AndroidManifest.xml:12:9-15:56
72            android:name="expo.modules.location.services.LocationTaskService"
72-->[:expo-location] AndroidManifest.xml:13:13-78
73            android:exported="false"
73-->[:expo-location] AndroidManifest.xml:14:13-37
74            android:foregroundServiceType="location" />
74-->[:expo-location] AndroidManifest.xml:15:13-53
75
76        <meta-data
76-->[:expo-modules-core] AndroidManifest.xml:8:9-10:89
77            android:name="org.unimodules.core.AppLoader#react-native-headless"
77-->[:expo-modules-core] AndroidManifest.xml:9:13-79
78            android:value="expo.modules.adapters.react.apploader.RNHeadlessAppLoader" />
78-->[:expo-modules-core] AndroidManifest.xml:10:13-86
79
80        <activity
80-->[com.google.android.gms:play-services-base:18.1.0] AndroidManifest.xml:20:9-22:45
81            android:name="com.google.android.gms.common.api.GoogleApiActivity"
81-->[com.google.android.gms:play-services-base:18.1.0] AndroidManifest.xml:20:19-85
82            android:exported="false"
82-->[com.google.android.gms:play-services-base:18.1.0] AndroidManifest.xml:22:19-43
83            android:theme="@android:style/Theme.Translucent.NoTitleBar" />
83-->[com.google.android.gms:play-services-base:18.1.0] AndroidManifest.xml:21:19-78
84
85        <meta-data
85-->[com.google.android.gms:play-services-basement:18.1.0] AndroidManifest.xml:21:9-23:69
86            android:name="com.google.android.gms.version"
86-->[com.google.android.gms:play-services-basement:18.1.0] AndroidManifest.xml:22:13-58
87            android:value="@integer/google_play_services_version" />
87-->[com.google.android.gms:play-services-basement:18.1.0] AndroidManifest.xml:23:13-66
88
89        <provider
89-->[androidx.emoji2:emoji2:1.0.0] AndroidManifest.xml:26:9-34:20
90            android:name="androidx.startup.InitializationProvider"
90-->[androidx.emoji2:emoji2:1.0.0] AndroidManifest.xml:27:13-67
91            android:authorities="com.laundryapp.androidx-startup"
91-->[androidx.emoji2:emoji2:1.0.0] AndroidManifest.xml:28:13-68
92            android:exported="false" >
92-->[androidx.emoji2:emoji2:1.0.0] AndroidManifest.xml:29:13-37
93            <meta-data
93-->[androidx.emoji2:emoji2:1.0.0] AndroidManifest.xml:31:13-33:52
94                android:name="androidx.emoji2.text.EmojiCompatInitializer"
94-->[androidx.emoji2:emoji2:1.0.0] AndroidManifest.xml:32:17-75
95                android:value="androidx.startup" />
95-->[androidx.emoji2:emoji2:1.0.0] AndroidManifest.xml:33:17-49
96            <meta-data
96-->[androidx.lifecycle:lifecycle-process:2.6.1] AndroidManifest.xml:29:13-31:52
97                android:name="androidx.lifecycle.ProcessLifecycleInitializer"
97-->[androidx.lifecycle:lifecycle-process:2.6.1] AndroidManifest.xml:30:17-78
98                android:value="androidx.startup" />
98-->[androidx.lifecycle:lifecycle-process:2.6.1] AndroidManifest.xml:31:17-49
99            <meta-data
99-->[androidx.profileinstaller:profileinstaller:1.3.0] AndroidManifest.xml:29:13-31:52
100                android:name="androidx.profileinstaller.ProfileInstallerInitializer"
100-->[androidx.profileinstaller:profileinstaller:1.3.0] AndroidManifest.xml:30:17-85
101                android:value="androidx.startup" />
101-->[androidx.profileinstaller:profileinstaller:1.3.0] AndroidManifest.xml:31:17-49
102        </provider>
103
104        <meta-data
104-->[com.facebook.soloader:soloader:0.10.5] AndroidManifest.xml:12:9-14:37
105            android:name="com.facebook.soloader.enabled"
105-->[com.facebook.soloader:soloader:0.10.5] AndroidManifest.xml:13:13-57
106            android:value="false" />
106-->[com.facebook.soloader:soloader:0.10.5] AndroidManifest.xml:14:13-34
107
108        <receiver
108-->[androidx.profileinstaller:profileinstaller:1.3.0] AndroidManifest.xml:34:9-52:20
109            android:name="androidx.profileinstaller.ProfileInstallReceiver"
109-->[androidx.profileinstaller:profileinstaller:1.3.0] AndroidManifest.xml:35:13-76
110            android:directBootAware="false"
110-->[androidx.profileinstaller:profileinstaller:1.3.0] AndroidManifest.xml:36:13-44
111            android:enabled="true"
111-->[androidx.profileinstaller:profileinstaller:1.3.0] AndroidManifest.xml:37:13-35
112            android:exported="true"
112-->[androidx.profileinstaller:profileinstaller:1.3.0] AndroidManifest.xml:38:13-36
113            android:permission="android.permission.DUMP" >
113-->[androidx.profileinstaller:profileinstaller:1.3.0] AndroidManifest.xml:39:13-57
114            <intent-filter>
114-->[androidx.profileinstaller:profileinstaller:1.3.0] AndroidManifest.xml:40:13-42:29
115                <action android:name="androidx.profileinstaller.action.INSTALL_PROFILE" />
115-->[androidx.profileinstaller:profileinstaller:1.3.0] AndroidManifest.xml:41:17-91
115-->[androidx.profileinstaller:profileinstaller:1.3.0] AndroidManifest.xml:41:25-88
116            </intent-filter>
117            <intent-filter>
117-->[androidx.profileinstaller:profileinstaller:1.3.0] AndroidManifest.xml:43:13-45:29
118                <action android:name="androidx.profileinstaller.action.SKIP_FILE" />
118-->[androidx.profileinstaller:profileinstaller:1.3.0] AndroidManifest.xml:44:17-85
118-->[androidx.profileinstaller:profileinstaller:1.3.0] AndroidManifest.xml:44:25-82
119            </intent-filter>
120            <intent-filter>
120-->[androidx.profileinstaller:profileinstaller:1.3.0] AndroidManifest.xml:46:13-48:29
121                <action android:name="androidx.profileinstaller.action.SAVE_PROFILE" />
121-->[androidx.profileinstaller:profileinstaller:1.3.0] AndroidManifest.xml:47:17-88
121-->[androidx.profileinstaller:profileinstaller:1.3.0] AndroidManifest.xml:47:25-85
122            </intent-filter>
123            <intent-filter>
123-->[androidx.profileinstaller:profileinstaller:1.3.0] AndroidManifest.xml:49:13-51:29
124                <action android:name="androidx.profileinstaller.action.BENCHMARK_OPERATION" />
124-->[androidx.profileinstaller:profileinstaller:1.3.0] AndroidManifest.xml:50:17-95
124-->[androidx.profileinstaller:profileinstaller:1.3.0] AndroidManifest.xml:50:25-92
125            </intent-filter>
126        </receiver>
127
128        <service
128-->[io.nlopez.smartlocation:library:3.3.3] AndroidManifest.xml:19:9-21:40
129            android:name="io.nlopez.smartlocation.activity.providers.ActivityGooglePlayServicesProvider$ActivityRecognitionService"
129-->[io.nlopez.smartlocation:library:3.3.3] AndroidManifest.xml:20:13-132
130            android:exported="false" />
130-->[io.nlopez.smartlocation:library:3.3.3] AndroidManifest.xml:21:13-37
131        <service
131-->[io.nlopez.smartlocation:library:3.3.3] AndroidManifest.xml:22:9-24:40
132            android:name="io.nlopez.smartlocation.geofencing.providers.GeofencingGooglePlayServicesProvider$GeofencingService"
132-->[io.nlopez.smartlocation:library:3.3.3] AndroidManifest.xml:23:13-127
133            android:exported="false" />
133-->[io.nlopez.smartlocation:library:3.3.3] AndroidManifest.xml:24:13-37
134        <service
134-->[io.nlopez.smartlocation:library:3.3.3] AndroidManifest.xml:25:9-27:40
135            android:name="io.nlopez.smartlocation.geocoding.providers.AndroidGeocodingProvider$AndroidGeocodingService"
135-->[io.nlopez.smartlocation:library:3.3.3] AndroidManifest.xml:26:13-120
136            android:exported="false" />
136-->[io.nlopez.smartlocation:library:3.3.3] AndroidManifest.xml:27:13-37
137    </application>
138
139</manifest>